<?xml version="1.0" encoding="UTF-8"?>
<!-- Generated by org.testng.reporters.JUnitXMLReporter -->
<testsuite ignored="0" hostname="DESKTOP-1J02CI5" failures="0" tests="5" name="Default test" time="11.687" errors="0" timestamp="2021-11-13T19:23:02 EET">
  <testcase classname="test.HomeTest" name="UserCanLoginSuccssfully" time="3.239"/>
  <testcase classname="test.HomeTest" name="UserCanNavigateToUsersPage" time="1.728"/>
  <testcase classname="test.HomeTest" name="CanAddNewUser" time="1.423"/>
  <testcase classname="test.HomeTest" name="canSearchForAnyUser" time="5.082"/>
  <testcase classname="test.HomeTest" name="AssertcorrectnessOfData" time="0.168"/>
</testsuite> <!-- Default test -->
