<?xml version="1.0" encoding="UTF-8"?>
<testng-results ignored="0" total="5" passed="5" failed="0" skipped="0">
  <reporter-output>
  </reporter-output>
  <suite started-at="2021-11-13T19:22:51 EET" name="Default suite" finished-at="2021-11-13T19:23:02 EET" duration-ms="11687">
    <groups>
    </groups>
    <test started-at="2021-11-13T19:22:51 EET" name="Default test" finished-at="2021-11-13T19:23:02 EET" duration-ms="11687">
      <class name="test.HomeTest">
        <test-method is-config="true" signature="StartDriver()[pri:0, instance:test.HomeTest@45b9a632]" started-at="2021-11-13T19:22:35 EET" name="StartDriver" finished-at="2021-11-13T19:22:51 EET" duration-ms="15326" status="PASS">
          <reporter-output>
          </reporter-output>
        </test-method> <!-- StartDriver -->
        <test-method signature="UserCanLoginSuccssfully()[pri:1, instance:test.HomeTest@45b9a632]" started-at="2021-11-13T19:22:51 EET" name="UserCanLoginSuccssfully" finished-at="2021-11-13T19:22:54 EET" duration-ms="3239" status="PASS">
          <reporter-output>
          </reporter-output>
        </test-method> <!-- UserCanLoginSuccssfully -->
        <test-method signature="UserCanNavigateToUsersPage()[pri:2, instance:test.HomeTest@45b9a632]" started-at="2021-11-13T19:22:54 EET" name="UserCanNavigateToUsersPage" finished-at="2021-11-13T19:22:56 EET" duration-ms="1728" status="PASS">
          <reporter-output>
          </reporter-output>
        </test-method> <!-- UserCanNavigateToUsersPage -->
        <test-method signature="CanAddNewUser()[pri:3, instance:test.HomeTest@45b9a632]" started-at="2021-11-13T19:22:56 EET" name="CanAddNewUser" finished-at="2021-11-13T19:22:57 EET" duration-ms="1423" status="PASS">
          <reporter-output>
          </reporter-output>
        </test-method> <!-- CanAddNewUser -->
        <test-method signature="canSearchForAnyUser()[pri:4, instance:test.HomeTest@45b9a632]" started-at="2021-11-13T19:22:57 EET" name="canSearchForAnyUser" finished-at="2021-11-13T19:23:02 EET" duration-ms="5082" status="PASS">
          <reporter-output>
          </reporter-output>
        </test-method> <!-- canSearchForAnyUser -->
        <test-method signature="AssertcorrectnessOfData()[pri:5, instance:test.HomeTest@45b9a632]" started-at="2021-11-13T19:23:02 EET" name="AssertcorrectnessOfData" finished-at="2021-11-13T19:23:02 EET" duration-ms="168" status="PASS">
          <reporter-output>
          </reporter-output>
        </test-method> <!-- AssertcorrectnessOfData -->
        <test-method is-config="true" signature="StopDriver()[pri:0, instance:test.HomeTest@45b9a632]" started-at="2021-11-13T19:23:02 EET" name="StopDriver" finished-at="2021-11-13T19:23:03 EET" duration-ms="430" status="PASS">
          <reporter-output>
          </reporter-output>
        </test-method> <!-- StopDriver -->
      </class> <!-- test.HomeTest -->
    </test> <!-- Default test -->
  </suite> <!-- Default suite -->
</testng-results>
